2016-11-30 11:22:29,323 - Trying to use logger class org.apache.velocity.runtime.log.Log4JLogChute
2016-11-30 11:22:29,323 - Using logger class org.apache.velocity.runtime.log.Log4JLogChute
2016-11-30 11:22:29,325 - Default ResourceManager initializing. (class org.apache.velocity.runtime.resource.ResourceManagerImpl)
2016-11-30 11:22:29,327 - ResourceLoader instantiated: org.apache.velocity.runtime.resource.loader.FileResourceLoader
2016-11-30 11:22:29,328 - Do unicode file recognition:  false
2016-11-30 11:22:29,328 - FileResourceLoader : adding path '.'
2016-11-30 11:22:29,328 - ResourceCache: initialized (class org.apache.velocity.runtime.resource.ResourceCacheImpl)
2016-11-30 11:22:29,339 - Loaded System Directive: org.apache.velocity.runtime.directive.Literal
2016-11-30 11:22:29,340 - Loaded System Directive: org.apache.velocity.runtime.directive.Macro
2016-11-30 11:22:29,341 - Loaded System Directive: org.apache.velocity.runtime.directive.Parse
2016-11-30 11:22:29,342 - Loaded System Directive: org.apache.velocity.runtime.directive.Include
2016-11-30 11:22:29,342 - Loaded System Directive: org.apache.velocity.runtime.directive.Foreach
2016-11-30 11:22:29,489 - Created '20' parsers.
2016-11-30 11:22:29,494 - Velocimacro : "velocimacro.library" is not set.  Trying default library: VM_global_library.vm
2016-11-30 11:22:29,495 - Velocimacro : Default library not found.
2016-11-30 11:22:29,495 - Velocimacro : allowInline = true : VMs can be defined inline in templates
2016-11-30 11:22:29,495 - Velocimacro : allowInlineToOverride = false : VMs defined inline may NOT replace previous VM definitions
2016-11-30 11:22:29,495 - Velocimacro : allowInlineLocal = false : VMs defined inline will be global in scope if allowed.
2016-11-30 11:22:29,495 - Velocimacro : autoload off : VM system will not automatically reload global library macros
2016-11-30 11:26:29,076 - Log4JLogChute initialized using file 'velocity.log'
2016-11-30 11:26:29,076 - Starting Apache Velocity v1.5 (compiled: 2007-02-22 08:52:29)
2016-11-30 11:26:29,076 - Default Properties File: org/apache/velocity/runtime/defaults/velocity.properties
2016-11-30 11:26:29,076 - Trying to use logger class org.apache.velocity.runtime.log.AvalonLogChute
2016-11-30 11:26:29,077 - Couldn't find class org.apache.velocity.runtime.log.AvalonLogChute or necessary supporting classes in classpath.
java.lang.NoClassDefFoundError: org/apache/log/format/Formatter
	at java.lang.Class.forName0(Native Method)
	at java.lang.Class.forName(Class.java:274)
	at org.apache.velocity.util.ClassUtils.getClass(ClassUtils.java:63)
	at org.apache.velocity.util.ClassUtils.getNewInstance(ClassUtils.java:95)
	at org.apache.velocity.runtime.log.LogManager.createLogChute(LogManager.java:147)
	at org.apache.velocity.runtime.log.LogManager.updateLog(LogManager.java:208)
	at org.apache.velocity.runtime.RuntimeInstance.initializeLog(RuntimeInstance.java:728)
	at org.apache.velocity.runtime.RuntimeInstance.init(RuntimeInstance.java:240)
	at org.apache.velocity.runtime.RuntimeSingleton.init(RuntimeSingleton.java:113)
	at org.apache.velocity.app.Velocity.init(Velocity.java:83)
	at sailpoint.tools.VelocityUtil.init(VelocityUtil.java:52)
	at sailpoint.tools.VelocityUtil.render(VelocityUtil.java:67)
	at sailpoint.tools.MessageRenderer.render(MessageRenderer.java:44)
	at sailpoint.tools.MessageRenderer.render(MessageRenderer.java:61)
	at sailpoint.object.EmailTemplate.compile(EmailTemplate.java:263)
	at sailpoint.server.InternalContext.sendEmailNotification(InternalContext.java:931)
	at sailpoint.workflow.StandardWorkflowHandler.sendEmail(StandardWorkflowHandler.java:909)
	at sailpoint.workflow.StandardWorkflowHandler.sendEmail(StandardWorkflowHandler.java:704)
	at sun.reflect.NativeMethodAccessorImpl.invoke0(Native Method)
	at sun.reflect.NativeMethodAccessorImpl.invoke(NativeMethodAccessorImpl.java:57)
	at sun.reflect.DelegatingMethodAccessorImpl.invoke(DelegatingMethodAccessorImpl.java:43)
	at java.lang.reflect.Method.invoke(Method.java:606)
	at sailpoint.api.Workflower.doCall(Workflower.java:5835)
	at sailpoint.api.Workflower.evalSource(Workflower.java:5699)
	at sailpoint.api.Workflower.advanceStep(Workflower.java:4941)
	at sailpoint.api.Workflower.advance(Workflower.java:4374)
	at sailpoint.api.Workflower.startCase(Workflower.java:2988)
	at sailpoint.api.Workflower.launchSubcase(Workflower.java:5228)
	at sailpoint.api.Workflower.launchSubcases(Workflower.java:5136)
	at sailpoint.api.Workflower.advanceStep(Workflower.java:4929)
	at sailpoint.api.Workflower.advance(Workflower.java:4374)
	at sailpoint.api.Workflower.startCase(Workflower.java:2988)
	at sailpoint.api.Workflower.launchSubcase(Workflower.java:5228)
	at sailpoint.api.Workflower.launchSubcases(Workflower.java:5136)
	at sailpoint.api.Workflower.advanceStep(Workflower.java:4929)
	at sailpoint.api.Workflower.advance(Workflower.java:4374)
	at sailpoint.api.Workflower.startCase(Workflower.java:2988)
	at sailpoint.api.Workflower.launchInner(Workflower.java:2657)
	at sailpoint.api.Workflower.launch(Workflower.java:2518)
	at sailpoint.api.Workflower.launch(Workflower.java:2361)
	at leaver.models.manual.WorkflowModel.launchExistingWorkflow(WorkflowModel.java:40)
	at leaver.testcases.deleteAnIdentity.deleteIdentity(deleteAnIdentity.java:65)
	at sun.reflect.NativeMethodAccessorImpl.invoke0(Native Method)
	at sun.reflect.NativeMethodAccessorImpl.invoke(NativeMethodAccessorImpl.java:57)
	at sun.reflect.DelegatingMethodAccessorImpl.invoke(DelegatingMethodAccessorImpl.java:43)
	at java.lang.reflect.Method.invoke(Method.java:606)
	at org.testng.internal.MethodInvocationHelper.invokeMethod(MethodInvocationHelper.java:80)
	at org.testng.internal.Invoker.invokeMethod(Invoker.java:715)
	at org.testng.internal.Invoker.invokeTestMethod(Invoker.java:907)
	at org.testng.internal.Invoker.invokeTestMethods(Invoker.java:1237)
	at org.testng.internal.TestMethodWorker.invokeTestMethods(TestMethodWorker.java:127)
	at org.testng.internal.TestMethodWorker.run(TestMethodWorker.java:111)
	at org.testng.TestRunner.privateRun(TestRunner.java:767)
	at org.testng.TestRunner.run(TestRunner.java:617)
	at org.testng.SuiteRunner.runTest(SuiteRunner.java:334)
	at org.testng.SuiteRunner.runSequentially(SuiteRunner.java:329)
	at org.testng.SuiteRunner.privateRun(SuiteRunner.java:291)
	at org.testng.SuiteRunner.run(SuiteRunner.java:240)
	at org.testng.SuiteRunnerWorker.runSuite(SuiteRunnerWorker.java:51)
	at org.testng.SuiteRunnerWorker.run(SuiteRunnerWorker.java:85)
	at org.testng.TestNG.runSuitesSequentially(TestNG.java:1197)
	at org.testng.TestNG.runSuitesLocally(TestNG.java:1122)
	at org.testng.TestNG.run(TestNG.java:1030)
	at org.testng.remote.AbstractRemoteTestNG.run(AbstractRemoteTestNG.java:132)
	at org.testng.remote.RemoteTestNG.initAndRun(RemoteTestNG.java:236)
	at org.testng.remote.RemoteTestNG.main(RemoteTestNG.java:81)
Caused by: java.lang.ClassNotFoundException: org.apache.log.format.Formatter
	at java.net.URLClassLoader$1.run(URLClassLoader.java:366)
	at java.net.URLClassLoader$1.run(URLClassLoader.java:355)
	at java.security.AccessController.doPrivileged(Native Method)
	at java.net.URLClassLoader.findClass(URLClassLoader.java:354)
	at java.lang.ClassLoader.loadClass(ClassLoader.java:425)
	at sun.misc.Launcher$AppClassLoader.loadClass(Launcher.java:308)
	at java.lang.ClassLoader.loadClass(ClassLoader.java:358)
	... 66 more
2016-11-30 11:26:29,078 - Trying to use logger class org.apache.velocity.runtime.log.Log4JLogChute
2016-11-30 11:26:29,078 - Using logger class org.apache.velocity.runtime.log.Log4JLogChute
2016-11-30 11:26:29,080 - Default ResourceManager initializing. (class org.apache.velocity.runtime.resource.ResourceManagerImpl)
2016-11-30 11:26:29,082 - ResourceLoader instantiated: org.apache.velocity.runtime.resource.loader.FileResourceLoader
2016-11-30 11:26:29,083 - Do unicode file recognition:  false
2016-11-30 11:26:29,083 - FileResourceLoader : adding path '.'
2016-11-30 11:26:29,084 - ResourceCache: initialized (class org.apache.velocity.runtime.resource.ResourceCacheImpl)
2016-11-30 11:26:29,087 - Loaded System Directive: org.apache.velocity.runtime.directive.Literal
2016-11-30 11:26:29,088 - Loaded System Directive: org.apache.velocity.runtime.directive.Macro
2016-11-30 11:26:29,089 - Loaded System Directive: org.apache.velocity.runtime.directive.Parse
2016-11-30 11:26:29,090 - Loaded System Directive: org.apache.velocity.runtime.directive.Include
2016-11-30 11:26:29,091 - Loaded System Directive: org.apache.velocity.runtime.directive.Foreach
2016-11-30 11:26:29,111 - Created '20' parsers.
2016-11-30 11:26:29,116 - Velocimacro : "velocimacro.library" is not set.  Trying default library: VM_global_library.vm
2016-11-30 11:26:29,116 - Velocimacro : Default library not found.
2016-11-30 11:26:29,116 - Velocimacro : allowInline = true : VMs can be defined inline in templates
2016-11-30 11:26:29,117 - Velocimacro : allowInlineToOverride = false : VMs defined inline may NOT replace previous VM definitions
2016-11-30 11:26:29,117 - Velocimacro : allowInlineLocal = false : VMs defined inline will be global in scope if allowed.
2016-11-30 11:26:29,117 - Velocimacro : autoload off : VM system will not automatically reload global library macros
2016-11-30 11:27:21,428 - Log4JLogChute initialized using file 'velocity.log'
2016-11-30 11:27:21,428 - Starting Apache Velocity v1.5 (compiled: 2007-02-22 08:52:29)
2016-11-30 11:27:21,428 - Default Properties File: org/apache/velocity/runtime/defaults/velocity.properties
2016-11-30 11:27:21,428 - Trying to use logger class org.apache.velocity.runtime.log.AvalonLogChute
2016-11-30 11:27:21,429 - Couldn't find class org.apache.velocity.runtime.log.AvalonLogChute or necessary supporting classes in classpath.
java.lang.NoClassDefFoundError: org/apache/log/format/Formatter
	at java.lang.Class.forName0(Native Method)
	at java.lang.Class.forName(Class.java:274)
	at org.apache.velocity.util.ClassUtils.getClass(ClassUtils.java:63)
	at org.apache.velocity.util.ClassUtils.getNewInstance(ClassUtils.java:95)
	at org.apache.velocity.runtime.log.LogManager.createLogChute(LogManager.java:147)
	at org.apache.velocity.runtime.log.LogManager.updateLog(LogManager.java:208)
	at org.apache.velocity.runtime.RuntimeInstance.initializeLog(RuntimeInstance.java:728)
	at org.apache.velocity.runtime.RuntimeInstance.init(RuntimeInstance.java:240)
	at org.apache.velocity.runtime.RuntimeSingleton.init(RuntimeSingleton.java:113)
	at org.apache.velocity.app.Velocity.init(Velocity.java:83)
	at sailpoint.tools.VelocityUtil.init(VelocityUtil.java:52)
	at sailpoint.tools.VelocityUtil.render(VelocityUtil.java:67)
	at sailpoint.tools.MessageRenderer.render(MessageRenderer.java:44)
	at sailpoint.tools.MessageRenderer.render(MessageRenderer.java:61)
	at sailpoint.object.EmailTemplate.compile(EmailTemplate.java:263)
	at sailpoint.server.InternalContext.sendEmailNotification(InternalContext.java:931)
	at sailpoint.workflow.StandardWorkflowHandler.sendEmail(StandardWorkflowHandler.java:909)
	at sailpoint.workflow.StandardWorkflowHandler.sendEmail(StandardWorkflowHandler.java:704)
	at sun.reflect.NativeMethodAccessorImpl.invoke0(Native Method)
	at sun.reflect.NativeMethodAccessorImpl.invoke(NativeMethodAccessorImpl.java:57)
	at sun.reflect.DelegatingMethodAccessorImpl.invoke(DelegatingMethodAccessorImpl.java:43)
	at java.lang.reflect.Method.invoke(Method.java:606)
	at sailpoint.api.Workflower.doCall(Workflower.java:5835)
	at sailpoint.api.Workflower.evalSource(Workflower.java:5699)
	at sailpoint.api.Workflower.advanceStep(Workflower.java:4941)
	at sailpoint.api.Workflower.advance(Workflower.java:4374)
	at sailpoint.api.Workflower.startCase(Workflower.java:2988)
	at sailpoint.api.Workflower.launchSubcase(Workflower.java:5228)
	at sailpoint.api.Workflower.launchSubcases(Workflower.java:5136)
	at sailpoint.api.Workflower.advanceStep(Workflower.java:4929)
	at sailpoint.api.Workflower.advance(Workflower.java:4374)
	at sailpoint.api.Workflower.startCase(Workflower.java:2988)
	at sailpoint.api.Workflower.launchSubcase(Workflower.java:5228)
	at sailpoint.api.Workflower.launchSubcases(Workflower.java:5136)
	at sailpoint.api.Workflower.advanceStep(Workflower.java:4929)
	at sailpoint.api.Workflower.advance(Workflower.java:4374)
	at sailpoint.api.Workflower.startCase(Workflower.java:2988)
	at sailpoint.api.Workflower.launchInner(Workflower.java:2657)
	at sailpoint.api.Workflower.launch(Workflower.java:2518)
	at sailpoint.api.Workflower.launch(Workflower.java:2361)
	at leaver.models.manual.WorkflowModel.launchExistingWorkflow(WorkflowModel.java:40)
	at leaver.testcases.deleteAnIdentity.deleteIdentity(deleteAnIdentity.java:65)
	at sun.reflect.NativeMethodAccessorImpl.invoke0(Native Method)
	at sun.reflect.NativeMethodAccessorImpl.invoke(NativeMethodAccessorImpl.java:57)
	at sun.reflect.DelegatingMethodAccessorImpl.invoke(DelegatingMethodAccessorImpl.java:43)
	at java.lang.reflect.Method.invoke(Method.java:606)
	at org.testng.internal.MethodInvocationHelper.invokeMethod(MethodInvocationHelper.java:80)
	at org.testng.internal.Invoker.invokeMethod(Invoker.java:715)
	at org.testng.internal.Invoker.invokeTestMethod(Invoker.java:907)
	at org.testng.internal.Invoker.invokeTestMethods(Invoker.java:1237)
	at org.testng.internal.TestMethodWorker.invokeTestMethods(TestMethodWorker.java:127)
	at org.testng.internal.TestMethodWorker.run(TestMethodWorker.java:111)
	at org.testng.TestRunner.privateRun(TestRunner.java:767)
	at org.testng.TestRunner.run(TestRunner.java:617)
	at org.testng.SuiteRunner.runTest(SuiteRunner.java:334)
	at org.testng.SuiteRunner.runSequentially(SuiteRunner.java:329)
	at org.testng.SuiteRunner.privateRun(SuiteRunner.java:291)
	at org.testng.SuiteRunner.run(SuiteRunner.java:240)
	at org.testng.SuiteRunnerWorker.runSuite(SuiteRunnerWorker.java:51)
	at org.testng.SuiteRunnerWorker.run(SuiteRunnerWorker.java:85)
	at org.testng.TestNG.runSuitesSequentially(TestNG.java:1197)
	at org.testng.TestNG.runSuitesLocally(TestNG.java:1122)
	at org.testng.TestNG.run(TestNG.java:1030)
	at org.testng.remote.AbstractRemoteTestNG.run(AbstractRemoteTestNG.java:132)
	at org.testng.remote.RemoteTestNG.initAndRun(RemoteTestNG.java:236)
	at org.testng.remote.RemoteTestNG.main(RemoteTestNG.java:81)
Caused by: java.lang.ClassNotFoundException: org.apache.log.format.Formatter
	at java.net.URLClassLoader$1.run(URLClassLoader.java:366)
	at java.net.URLClassLoader$1.run(URLClassLoader.java:355)
	at java.security.AccessController.doPrivileged(Native Method)
	at java.net.URLClassLoader.findClass(URLClassLoader.java:354)
	at java.lang.ClassLoader.loadClass(ClassLoader.java:425)
	at sun.misc.Launcher$AppClassLoader.loadClass(Launcher.java:308)
	at java.lang.ClassLoader.loadClass(ClassLoader.java:358)
	... 66 more
2016-11-30 11:27:21,431 - Trying to use logger class org.apache.velocity.runtime.log.Log4JLogChute
2016-11-30 11:27:21,431 - Using logger class org.apache.velocity.runtime.log.Log4JLogChute
2016-11-30 11:27:21,432 - Default ResourceManager initializing. (class org.apache.velocity.runtime.resource.ResourceManagerImpl)
2016-11-30 11:27:21,435 - ResourceLoader instantiated: org.apache.velocity.runtime.resource.loader.FileResourceLoader
2016-11-30 11:27:21,436 - Do unicode file recognition:  false
2016-11-30 11:27:21,436 - FileResourceLoader : adding path '.'
2016-11-30 11:27:21,436 - ResourceCache: initialized (class org.apache.velocity.runtime.resource.ResourceCacheImpl)
2016-11-30 11:27:21,439 - Loaded System Directive: org.apache.velocity.runtime.directive.Literal
2016-11-30 11:27:21,441 - Loaded System Directive: org.apache.velocity.runtime.directive.Macro
2016-11-30 11:27:21,442 - Loaded System Directive: org.apache.velocity.runtime.directive.Parse
2016-11-30 11:27:21,443 - Loaded System Directive: org.apache.velocity.runtime.directive.Include
2016-11-30 11:27:21,443 - Loaded System Directive: org.apache.velocity.runtime.directive.Foreach
2016-11-30 11:27:21,464 - Created '20' parsers.
2016-11-30 11:27:21,469 - Velocimacro : "velocimacro.library" is not set.  Trying default library: VM_global_library.vm
2016-11-30 11:27:21,470 - Velocimacro : Default library not found.
2016-11-30 11:27:21,470 - Velocimacro : allowInline = true : VMs can be defined inline in templates
2016-11-30 11:27:21,470 - Velocimacro : allowInlineToOverride = false : VMs defined inline may NOT replace previous VM definitions
2016-11-30 11:27:21,470 - Velocimacro : allowInlineLocal = false : VMs defined inline will be global in scope if allowed.
2016-11-30 11:27:21,470 - Velocimacro : autoload off : VM system will not automatically reload global library macros
2016-11-30 11:28:55,165 - Log4JLogChute initialized using file 'velocity.log'
2016-11-30 11:28:55,165 - Starting Apache Velocity v1.5 (compiled: 2007-02-22 08:52:29)
2016-11-30 11:28:55,165 - Default Properties File: org/apache/velocity/runtime/defaults/velocity.properties
2016-11-30 11:28:55,165 - Trying to use logger class org.apache.velocity.runtime.log.AvalonLogChute
2016-11-30 11:28:55,166 - Couldn't find class org.apache.velocity.runtime.log.AvalonLogChute or necessary supporting classes in classpath.
java.lang.NoClassDefFoundError: org/apache/log/format/Formatter
	at java.lang.Class.forName0(Native Method)
	at java.lang.Class.forName(Class.java:274)
	at org.apache.velocity.util.ClassUtils.getClass(ClassUtils.java:63)
	at org.apache.velocity.util.ClassUtils.getNewInstance(ClassUtils.java:95)
	at org.apache.velocity.runtime.log.LogManager.createLogChute(LogManager.java:147)
	at org.apache.velocity.runtime.log.LogManager.updateLog(LogManager.java:208)
	at org.apache.velocity.runtime.RuntimeInstance.initializeLog(RuntimeInstance.java:728)
	at org.apache.velocity.runtime.RuntimeInstance.init(RuntimeInstance.java:240)
	at org.apache.velocity.runtime.RuntimeSingleton.init(RuntimeSingleton.java:113)
	at org.apache.velocity.app.Velocity.init(Velocity.java:83)
	at sailpoint.tools.VelocityUtil.init(VelocityUtil.java:52)
	at sailpoint.tools.VelocityUtil.render(VelocityUtil.java:67)
	at sailpoint.tools.MessageRenderer.render(MessageRenderer.java:44)
	at sailpoint.tools.MessageRenderer.render(MessageRenderer.java:61)
	at sailpoint.object.EmailTemplate.compile(EmailTemplate.java:263)
	at sailpoint.server.InternalContext.sendEmailNotification(InternalContext.java:931)
	at sailpoint.workflow.StandardWorkflowHandler.sendEmail(StandardWorkflowHandler.java:909)
	at sailpoint.workflow.StandardWorkflowHandler.sendEmail(StandardWorkflowHandler.java:704)
	at sun.reflect.NativeMethodAccessorImpl.invoke0(Native Method)
	at sun.reflect.NativeMethodAccessorImpl.invoke(NativeMethodAccessorImpl.java:57)
	at sun.reflect.DelegatingMethodAccessorImpl.invoke(DelegatingMethodAccessorImpl.java:43)
	at java.lang.reflect.Method.invoke(Method.java:606)
	at sailpoint.api.Workflower.doCall(Workflower.java:5835)
	at sailpoint.api.Workflower.evalSource(Workflower.java:5699)
	at sailpoint.api.Workflower.advanceStep(Workflower.java:4941)
	at sailpoint.api.Workflower.advance(Workflower.java:4374)
	at sailpoint.api.Workflower.startCase(Workflower.java:2988)
	at sailpoint.api.Workflower.launchSubcase(Workflower.java:5228)
	at sailpoint.api.Workflower.launchSubcases(Workflower.java:5136)
	at sailpoint.api.Workflower.advanceStep(Workflower.java:4929)
	at sailpoint.api.Workflower.advance(Workflower.java:4374)
	at sailpoint.api.Workflower.advanceSubcase(Workflower.java:5252)
	at sailpoint.api.Workflower.advanceStep(Workflower.java:4867)
	at sailpoint.api.Workflower.advance(Workflower.java:4374)
	at sailpoint.api.Workflower.assimilate(Workflower.java:4034)
	at sailpoint.api.Workflower.handleWorkItem(Workflower.java:7551)
	at sailpoint.api.Workflower.process(Workflower.java:1741)
	at leaver.models.manual.IdentityRequestModel.approveRequest(IdentityRequestModel.java:57)
	at leaver.testcases.deleteAnIdentity.deleteIdentity(deleteAnIdentity.java:72)
	at sun.reflect.NativeMethodAccessorImpl.invoke0(Native Method)
	at sun.reflect.NativeMethodAccessorImpl.invoke(NativeMethodAccessorImpl.java:57)
	at sun.reflect.DelegatingMethodAccessorImpl.invoke(DelegatingMethodAccessorImpl.java:43)
	at java.lang.reflect.Method.invoke(Method.java:606)
	at org.testng.internal.MethodInvocationHelper.invokeMethod(MethodInvocationHelper.java:80)
	at org.testng.internal.Invoker.invokeMethod(Invoker.java:715)
	at org.testng.internal.Invoker.invokeTestMethod(Invoker.java:907)
	at org.testng.internal.Invoker.invokeTestMethods(Invoker.java:1237)
	at org.testng.internal.TestMethodWorker.invokeTestMethods(TestMethodWorker.java:127)
	at org.testng.internal.TestMethodWorker.run(TestMethodWorker.java:111)
	at org.testng.TestRunner.privateRun(TestRunner.java:767)
	at org.testng.TestRunner.run(TestRunner.java:617)
	at org.testng.SuiteRunner.runTest(SuiteRunner.java:334)
	at org.testng.SuiteRunner.runSequentially(SuiteRunner.java:329)
	at org.testng.SuiteRunner.privateRun(SuiteRunner.java:291)
	at org.testng.SuiteRunner.run(SuiteRunner.java:240)
	at org.testng.SuiteRunnerWorker.runSuite(SuiteRunnerWorker.java:51)
	at org.testng.SuiteRunnerWorker.run(SuiteRunnerWorker.java:85)
	at org.testng.TestNG.runSuitesSequentially(TestNG.java:1197)
	at org.testng.TestNG.runSuitesLocally(TestNG.java:1122)
	at org.testng.TestNG.run(TestNG.java:1030)
	at org.testng.remote.AbstractRemoteTestNG.run(AbstractRemoteTestNG.java:132)
	at org.testng.remote.RemoteTestNG.initAndRun(RemoteTestNG.java:236)
	at org.testng.remote.RemoteTestNG.main(RemoteTestNG.java:81)
Caused by: java.lang.ClassNotFoundException: org.apache.log.format.Formatter
	at java.net.URLClassLoader$1.run(URLClassLoader.java:366)
	at java.net.URLClassLoader$1.run(URLClassLoader.java:355)
	at java.security.AccessController.doPrivileged(Native Method)
	at java.net.URLClassLoader.findClass(URLClassLoader.java:354)
	at java.lang.ClassLoader.loadClass(ClassLoader.java:425)
	at sun.misc.Launcher$AppClassLoader.loadClass(Launcher.java:308)
	at java.lang.ClassLoader.loadClass(ClassLoader.java:358)
	... 63 more
2016-11-30 11:28:55,167 - Trying to use logger class org.apache.velocity.runtime.log.Log4JLogChute
2016-11-30 11:28:55,167 - Using logger class org.apache.velocity.runtime.log.Log4JLogChute
2016-11-30 11:28:55,169 - Default ResourceManager initializing. (class org.apache.velocity.runtime.resource.ResourceManagerImpl)
2016-11-30 11:28:55,171 - ResourceLoader instantiated: org.apache.velocity.runtime.resource.loader.FileResourceLoader
2016-11-30 11:28:55,173 - Do unicode file recognition:  false
2016-11-30 11:28:55,173 - FileResourceLoader : adding path '.'
2016-11-30 11:28:55,173 - ResourceCache: initialized (class org.apache.velocity.runtime.resource.ResourceCacheImpl)
2016-11-30 11:28:55,180 - Loaded System Directive: org.apache.velocity.runtime.directive.Literal
2016-11-30 11:28:55,181 - Loaded System Directive: org.apache.velocity.runtime.directive.Macro
2016-11-30 11:28:55,182 - Loaded System Directive: org.apache.velocity.runtime.directive.Parse
2016-11-30 11:28:55,183 - Loaded System Directive: org.apache.velocity.runtime.directive.Include
2016-11-30 11:28:55,184 - Loaded System Directive: org.apache.velocity.runtime.directive.Foreach
2016-11-30 11:28:55,240 - Created '20' parsers.
2016-11-30 11:28:55,245 - Velocimacro : "velocimacro.library" is not set.  Trying default library: VM_global_library.vm
2016-11-30 11:28:55,246 - Velocimacro : Default library not found.
2016-11-30 11:28:55,246 - Velocimacro : allowInline = true : VMs can be defined inline in templates
2016-11-30 11:28:55,246 - Velocimacro : allowInlineToOverride = false : VMs defined inline may NOT replace previous VM definitions
2016-11-30 11:28:55,246 - Velocimacro : allowInlineLocal = false : VMs defined inline will be global in scope if allowed.
2016-11-30 11:28:55,246 - Velocimacro : autoload off : VM system will not automatically reload global library macros
2016-11-30 11:43:38,510 - Log4JLogChute initialized using file 'velocity.log'
2016-11-30 11:43:38,510 - Starting Apache Velocity v1.5 (compiled: 2007-02-22 08:52:29)
2016-11-30 11:43:38,510 - Default Properties File: org/apache/velocity/runtime/defaults/velocity.properties
2016-11-30 11:43:38,510 - Trying to use logger class org.apache.velocity.runtime.log.AvalonLogChute
2016-11-30 11:43:38,510 - Couldn't find class org.apache.velocity.runtime.log.AvalonLogChute or necessary supporting classes in classpath.
java.lang.NoClassDefFoundError: org/apache/log/format/Formatter
	at java.lang.Class.forName0(Native Method)
	at java.lang.Class.forName(Class.java:274)
	at org.apache.velocity.util.ClassUtils.getClass(ClassUtils.java:63)
	at org.apache.velocity.util.ClassUtils.getNewInstance(ClassUtils.java:95)
	at org.apache.velocity.runtime.log.LogManager.createLogChute(LogManager.java:147)
	at org.apache.velocity.runtime.log.LogManager.updateLog(LogManager.java:208)
	at org.apache.velocity.runtime.RuntimeInstance.initializeLog(RuntimeInstance.java:728)
	at org.apache.velocity.runtime.RuntimeInstance.init(RuntimeInstance.java:240)
	at org.apache.velocity.runtime.RuntimeSingleton.init(RuntimeSingleton.java:113)
	at org.apache.velocity.app.Velocity.init(Velocity.java:83)
	at sailpoint.tools.VelocityUtil.init(VelocityUtil.java:52)
	at sailpoint.tools.VelocityUtil.render(VelocityUtil.java:67)
	at sailpoint.tools.MessageRenderer.render(MessageRenderer.java:44)
	at sailpoint.tools.MessageRenderer.render(MessageRenderer.java:61)
	at sailpoint.object.EmailTemplate.compile(EmailTemplate.java:263)
	at sailpoint.server.InternalContext.sendEmailNotification(InternalContext.java:931)
	at sailpoint.workflow.StandardWorkflowHandler.sendEmail(StandardWorkflowHandler.java:909)
	at sailpoint.workflow.StandardWorkflowHandler.sendEmail(StandardWorkflowHandler.java:704)
	at sun.reflect.NativeMethodAccessorImpl.invoke0(Native Method)
	at sun.reflect.NativeMethodAccessorImpl.invoke(NativeMethodAccessorImpl.java:57)
	at sun.reflect.DelegatingMethodAccessorImpl.invoke(DelegatingMethodAccessorImpl.java:43)
	at java.lang.reflect.Method.invoke(Method.java:606)
	at sailpoint.api.Workflower.doCall(Workflower.java:5835)
	at sailpoint.api.Workflower.evalSource(Workflower.java:5699)
	at sailpoint.api.Workflower.advanceStep(Workflower.java:4941)
	at sailpoint.api.Workflower.advance(Workflower.java:4374)
	at sailpoint.api.Workflower.startCase(Workflower.java:2988)
	at sailpoint.api.Workflower.launchSubcase(Workflower.java:5228)
	at sailpoint.api.Workflower.launchSubcases(Workflower.java:5136)
	at sailpoint.api.Workflower.advanceStep(Workflower.java:4929)
	at sailpoint.api.Workflower.advance(Workflower.java:4374)
	at sailpoint.api.Workflower.advanceSubcase(Workflower.java:5252)
	at sailpoint.api.Workflower.advanceStep(Workflower.java:4867)
	at sailpoint.api.Workflower.advance(Workflower.java:4374)
	at sailpoint.api.Workflower.assimilate(Workflower.java:4034)
	at sailpoint.api.Workflower.handleWorkItem(Workflower.java:7551)
	at sailpoint.api.Workflower.process(Workflower.java:1741)
	at leaver.models.manual.IdentityRequestModel.approveRequest(IdentityRequestModel.java:57)
	at leaver.testcases.deleteAnIdentity.deleteIdentity(deleteAnIdentity.java:72)
	at sun.reflect.NativeMethodAccessorImpl.invoke0(Native Method)
	at sun.reflect.NativeMethodAccessorImpl.invoke(NativeMethodAccessorImpl.java:57)
	at sun.reflect.DelegatingMethodAccessorImpl.invoke(DelegatingMethodAccessorImpl.java:43)
	at java.lang.reflect.Method.invoke(Method.java:606)
	at org.testng.internal.MethodInvocationHelper.invokeMethod(MethodInvocationHelper.java:80)
	at org.testng.internal.Invoker.invokeMethod(Invoker.java:715)
	at org.testng.internal.Invoker.invokeTestMethod(Invoker.java:907)
	at org.testng.internal.Invoker.invokeTestMethods(Invoker.java:1237)
	at org.testng.internal.TestMethodWorker.invokeTestMethods(TestMethodWorker.java:127)
	at org.testng.internal.TestMethodWorker.run(TestMethodWorker.java:111)
	at org.testng.TestRunner.privateRun(TestRunner.java:767)
	at org.testng.TestRunner.run(TestRunner.java:617)
	at org.testng.SuiteRunner.runTest(SuiteRunner.java:334)
	at org.testng.SuiteRunner.runSequentially(SuiteRunner.java:329)
	at org.testng.SuiteRunner.privateRun(SuiteRunner.java:291)
	at org.testng.SuiteRunner.run(SuiteRunner.java:240)
	at org.testng.SuiteRunnerWorker.runSuite(SuiteRunnerWorker.java:51)
	at org.testng.SuiteRunnerWorker.run(SuiteRunnerWorker.java:85)
	at org.testng.TestNG.runSuitesSequentially(TestNG.java:1197)
	at org.testng.TestNG.runSuitesLocally(TestNG.java:1122)
	at org.testng.TestNG.run(TestNG.java:1030)
	at org.testng.remote.AbstractRemoteTestNG.run(AbstractRemoteTestNG.java:132)
	at org.testng.remote.RemoteTestNG.initAndRun(RemoteTestNG.java:236)
	at org.testng.remote.RemoteTestNG.main(RemoteTestNG.java:81)
Caused by: java.lang.ClassNotFoundException: org.apache.log.format.Formatter
	at java.net.URLClassLoader$1.run(URLClassLoader.java:366)
	at java.net.URLClassLoader$1.run(URLClassLoader.java:355)
	at java.security.AccessController.doPrivileged(Native Method)
	at java.net.URLClassLoader.findClass(URLClassLoader.java:354)
	at java.lang.ClassLoader.loadClass(ClassLoader.java:425)
	at sun.misc.Launcher$AppClassLoader.loadClass(Launcher.java:308)
	at java.lang.ClassLoader.loadClass(ClassLoader.java:358)
	... 63 more
2016-11-30 11:43:38,513 - Trying to use logger class org.apache.velocity.runtime.log.Log4JLogChute
2016-11-30 11:43:38,513 - Using logger class org.apache.velocity.runtime.log.Log4JLogChute
2016-11-30 11:43:38,515 - Default ResourceManager initializing. (class org.apache.velocity.runtime.resource.ResourceManagerImpl)
2016-11-30 11:43:38,517 - ResourceLoader instantiated: org.apache.velocity.runtime.resource.loader.FileResourceLoader
2016-11-30 11:43:38,518 - Do unicode file recognition:  false
2016-11-30 11:43:38,518 - FileResourceLoader : adding path '.'
2016-11-30 11:43:38,518 - ResourceCache: initialized (class org.apache.velocity.runtime.resource.ResourceCacheImpl)
2016-11-30 11:43:38,519 - Loaded System Directive: org.apache.velocity.runtime.directive.Literal
2016-11-30 11:43:38,520 - Loaded System Directive: org.apache.velocity.runtime.directive.Macro
2016-11-30 11:43:38,521 - Loaded System Directive: org.apache.velocity.runtime.directive.Parse
2016-11-30 11:43:38,522 - Loaded System Directive: org.apache.velocity.runtime.directive.Include
2016-11-30 11:43:38,523 - Loaded System Directive: org.apache.velocity.runtime.directive.Foreach
2016-11-30 11:43:38,574 - Created '20' parsers.
2016-11-30 11:43:38,580 - Velocimacro : "velocimacro.library" is not set.  Trying default library: VM_global_library.vm
2016-11-30 11:43:38,580 - Velocimacro : Default library not found.
2016-11-30 11:43:38,580 - Velocimacro : allowInline = true : VMs can be defined inline in templates
2016-11-30 11:43:38,580 - Velocimacro : allowInlineToOverride = false : VMs defined inline may NOT replace previous VM definitions
2016-11-30 11:43:38,580 - Velocimacro : allowInlineLocal = false : VMs defined inline will be global in scope if allowed.
2016-11-30 11:43:38,580 - Velocimacro : autoload off : VM system will not automatically reload global library macros
2016-11-30 14:03:10,066 - Log4JLogChute initialized using file 'velocity.log'
2016-11-30 14:03:10,091 - Starting Apache Velocity v1.5 (compiled: 2007-02-22 08:52:29)
2016-11-30 14:03:10,091 - Default Properties File: org/apache/velocity/runtime/defaults/velocity.properties
2016-11-30 14:03:10,091 - Trying to use logger class org.apache.velocity.runtime.log.AvalonLogChute
2016-11-30 14:03:10,091 - Couldn't find class org.apache.velocity.runtime.log.AvalonLogChute or necessary supporting classes in classpath.
java.lang.NoClassDefFoundError: org/apache/log/format/Formatter
	at java.lang.Class.forName0(Native Method)
	at java.lang.Class.forName(Class.java:274)
	at org.apache.velocity.util.ClassUtils.getClass(ClassUtils.java:63)
	at org.apache.velocity.util.ClassUtils.getNewInstance(ClassUtils.java:95)
	at org.apache.velocity.runtime.log.LogManager.createLogChute(LogManager.java:147)
	at org.apache.velocity.runtime.log.LogManager.updateLog(LogManager.java:208)
	at org.apache.velocity.runtime.RuntimeInstance.initializeLog(RuntimeInstance.java:728)
	at org.apache.velocity.runtime.RuntimeInstance.init(RuntimeInstance.java:240)
	at org.apache.velocity.runtime.RuntimeSingleton.init(RuntimeSingleton.java:113)
	at org.apache.velocity.app.Velocity.init(Velocity.java:83)
	at sailpoint.tools.VelocityUtil.init(VelocityUtil.java:52)
	at sailpoint.tools.VelocityUtil.render(VelocityUtil.java:67)
	at sailpoint.tools.MessageRenderer.render(MessageRenderer.java:44)
	at sailpoint.tools.MessageRenderer.render(MessageRenderer.java:61)
	at sailpoint.object.EmailTemplate.compile(EmailTemplate.java:263)
	at sailpoint.server.InternalContext.sendEmailNotification(InternalContext.java:931)
	at sailpoint.workflow.StandardWorkflowHandler.sendEmail(StandardWorkflowHandler.java:909)
	at sailpoint.workflow.StandardWorkflowHandler.sendEmail(StandardWorkflowHandler.java:704)
	at sun.reflect.NativeMethodAccessorImpl.invoke0(Native Method)
	at sun.reflect.NativeMethodAccessorImpl.invoke(NativeMethodAccessorImpl.java:57)
	at sun.reflect.DelegatingMethodAccessorImpl.invoke(DelegatingMethodAccessorImpl.java:43)
	at java.lang.reflect.Method.invoke(Method.java:606)
	at sailpoint.api.Workflower.doCall(Workflower.java:5835)
	at sailpoint.api.Workflower.evalSource(Workflower.java:5699)
	at sailpoint.api.Workflower.advanceStep(Workflower.java:4941)
	at sailpoint.api.Workflower.advance(Workflower.java:4374)
	at sailpoint.api.Workflower.startCase(Workflower.java:2988)
	at sailpoint.api.Workflower.launchSubcase(Workflower.java:5228)
	at sailpoint.api.Workflower.launchSubcases(Workflower.java:5136)
	at sailpoint.api.Workflower.advanceStep(Workflower.java:4929)
	at sailpoint.api.Workflower.advance(Workflower.java:4374)
	at sailpoint.api.Workflower.advanceSubcase(Workflower.java:5252)
	at sailpoint.api.Workflower.advanceStep(Workflower.java:4867)
	at sailpoint.api.Workflower.advance(Workflower.java:4374)
	at sailpoint.api.Workflower.assimilate(Workflower.java:4034)
	at sailpoint.api.Workflower.handleWorkItem(Workflower.java:7551)
	at sailpoint.api.Workflower.process(Workflower.java:1741)
	at leaver.models.manual.IdentityRequestModel.approveRequest(IdentityRequestModel.java:57)
	at leaver.testcases.deleteIdentityAccounts.deleteIdentity(deleteIdentityAccounts.java:72)
	at sun.reflect.NativeMethodAccessorImpl.invoke0(Native Method)
	at sun.reflect.NativeMethodAccessorImpl.invoke(NativeMethodAccessorImpl.java:57)
	at sun.reflect.DelegatingMethodAccessorImpl.invoke(DelegatingMethodAccessorImpl.java:43)
	at java.lang.reflect.Method.invoke(Method.java:606)
	at org.testng.internal.MethodInvocationHelper.invokeMethod(MethodInvocationHelper.java:80)
	at org.testng.internal.Invoker.invokeMethod(Invoker.java:715)
	at org.testng.internal.Invoker.invokeTestMethod(Invoker.java:907)
	at org.testng.internal.Invoker.invokeTestMethods(Invoker.java:1237)
	at org.testng.internal.TestMethodWorker.invokeTestMethods(TestMethodWorker.java:127)
	at org.testng.internal.TestMethodWorker.run(TestMethodWorker.java:111)
	at org.testng.TestRunner.privateRun(TestRunner.java:767)
	at org.testng.TestRunner.run(TestRunner.java:617)
	at org.testng.SuiteRunner.runTest(SuiteRunner.java:334)
	at org.testng.SuiteRunner.runSequentially(SuiteRunner.java:329)
	at org.testng.SuiteRunner.privateRun(SuiteRunner.java:291)
	at org.testng.SuiteRunner.run(SuiteRunner.java:240)
	at org.testng.SuiteRunnerWorker.runSuite(SuiteRunnerWorker.java:51)
	at org.testng.SuiteRunnerWorker.run(SuiteRunnerWorker.java:85)
	at org.testng.TestNG.runSuitesSequentially(TestNG.java:1197)
	at org.testng.TestNG.runSuitesLocally(TestNG.java:1122)
	at org.testng.TestNG.run(TestNG.java:1030)
	at org.testng.remote.AbstractRemoteTestNG.run(AbstractRemoteTestNG.java:132)
	at org.testng.remote.RemoteTestNG.initAndRun(RemoteTestNG.java:236)
	at org.testng.remote.RemoteTestNG.main(RemoteTestNG.java:81)
Caused by: java.lang.ClassNotFoundException: org.apache.log.format.Formatter
	at java.net.URLClassLoader$1.run(URLClassLoader.java:366)
	at java.net.URLClassLoader$1.run(URLClassLoader.java:355)
	at java.security.AccessController.doPrivileged(Native Method)
	at java.net.URLClassLoader.findClass(URLClassLoader.java:354)
	at java.lang.ClassLoader.loadClass(ClassLoader.java:425)
	at sun.misc.Launcher$AppClassLoader.loadClass(Launcher.java:308)
	at java.lang.ClassLoader.loadClass(ClassLoader.java:358)
	... 63 more
2016-11-30 14:03:10,093 - Trying to use logger class org.apache.velocity.runtime.log.Log4JLogChute
2016-11-30 14:03:10,093 - Using logger class org.apache.velocity.runtime.log.Log4JLogChute
2016-11-30 14:03:10,095 - Default ResourceManager initializing. (class org.apache.velocity.runtime.resource.ResourceManagerImpl)
2016-11-30 14:03:10,098 - ResourceLoader instantiated: org.apache.velocity.runtime.resource.loader.FileResourceLoader
2016-11-30 14:03:10,099 - Do unicode file recognition:  false
2016-11-30 14:03:10,099 - FileResourceLoader : adding path '.'
2016-11-30 14:03:10,099 - ResourceCache: initialized (class org.apache.velocity.runtime.resource.ResourceCacheImpl)
2016-11-30 14:03:10,107 - Loaded System Directive: org.apache.velocity.runtime.directive.Literal
2016-11-30 14:03:10,109 - Loaded System Directive: org.apache.velocity.runtime.directive.Macro
2016-11-30 14:03:10,110 - Loaded System Directive: org.apache.velocity.runtime.directive.Parse
2016-11-30 14:03:10,111 - Loaded System Directive: org.apache.velocity.runtime.directive.Include
2016-11-30 14:03:10,112 - Loaded System Directive: org.apache.velocity.runtime.directive.Foreach
2016-11-30 14:03:10,159 - Created '20' parsers.
2016-11-30 14:03:10,164 - Velocimacro : "velocimacro.library" is not set.  Trying default library: VM_global_library.vm
2016-11-30 14:03:10,164 - Velocimacro : Default library not found.
2016-11-30 14:03:10,164 - Velocimacro : allowInline = true : VMs can be defined inline in templates
2016-11-30 14:03:10,164 - Velocimacro : allowInlineToOverride = false : VMs defined inline may NOT replace previous VM definitions
2016-11-30 14:03:10,164 - Velocimacro : allowInlineLocal = false : VMs defined inline will be global in scope if allowed.
2016-11-30 14:03:10,165 - Velocimacro : autoload off : VM system will not automatically reload global library macros
2016-12-01 09:58:20,080 - Log4JLogChute initialized using file 'velocity.log'
2016-12-01 09:58:20,081 - Starting Apache Velocity v1.5 (compiled: 2007-02-22 08:52:29)
2016-12-01 09:58:20,081 - Default Properties File: org/apache/velocity/runtime/defaults/velocity.properties
2016-12-01 09:58:20,081 - Trying to use logger class org.apache.velocity.runtime.log.AvalonLogChute
2016-12-01 09:58:20,081 - Couldn't find class org.apache.velocity.runtime.log.AvalonLogChute or necessary supporting classes in classpath.
java.lang.NoClassDefFoundError: org/apache/log/format/Formatter
	at java.lang.Class.forName0(Native Method)
	at java.lang.Class.forName(Class.java:274)
	at org.apache.velocity.util.ClassUtils.getClass(ClassUtils.java:63)
	at org.apache.velocity.util.ClassUtils.getNewInstance(ClassUtils.java:95)
	at org.apache.velocity.runtime.log.LogManager.createLogChute(LogManager.java:147)
	at org.apache.velocity.runtime.log.LogManager.updateLog(LogManager.java:208)
	at org.apache.velocity.runtime.RuntimeInstance.initializeLog(RuntimeInstance.java:728)
	at org.apache.velocity.runtime.RuntimeInstance.init(RuntimeInstance.java:240)
	at org.apache.velocity.runtime.RuntimeSingleton.init(RuntimeSingleton.java:113)
	at org.apache.velocity.app.Velocity.init(Velocity.java:83)
	at sailpoint.tools.VelocityUtil.init(VelocityUtil.java:52)
	at sailpoint.tools.VelocityUtil.render(VelocityUtil.java:67)
	at sailpoint.tools.MessageRenderer.render(MessageRenderer.java:44)
	at sailpoint.tools.MessageRenderer.render(MessageRenderer.java:61)
	at sailpoint.object.EmailTemplate.compile(EmailTemplate.java:263)
	at sailpoint.server.InternalContext.sendEmailNotification(InternalContext.java:931)
	at sailpoint.workflow.StandardWorkflowHandler.sendEmail(StandardWorkflowHandler.java:909)
	at sailpoint.workflow.StandardWorkflowHandler.sendEmail(StandardWorkflowHandler.java:704)
	at sun.reflect.NativeMethodAccessorImpl.invoke0(Native Method)
	at sun.reflect.NativeMethodAccessorImpl.invoke(NativeMethodAccessorImpl.java:57)
	at sun.reflect.DelegatingMethodAccessorImpl.invoke(DelegatingMethodAccessorImpl.java:43)
	at java.lang.reflect.Method.invoke(Method.java:606)
	at sailpoint.api.Workflower.doCall(Workflower.java:5835)
	at sailpoint.api.Workflower.evalSource(Workflower.java:5699)
	at sailpoint.api.Workflower.advanceStep(Workflower.java:4941)
	at sailpoint.api.Workflower.advance(Workflower.java:4374)
	at sailpoint.api.Workflower.startCase(Workflower.java:2988)
	at sailpoint.api.Workflower.launchSubcase(Workflower.java:5228)
	at sailpoint.api.Workflower.launchSubcases(Workflower.java:5136)
	at sailpoint.api.Workflower.advanceStep(Workflower.java:4929)
	at sailpoint.api.Workflower.advance(Workflower.java:4374)
	at sailpoint.api.Workflower.startCase(Workflower.java:2988)
	at sailpoint.api.Workflower.launchSubcase(Workflower.java:5228)
	at sailpoint.api.Workflower.launchSubcases(Workflower.java:5136)
	at sailpoint.api.Workflower.advanceStep(Workflower.java:4929)
	at sailpoint.api.Workflower.advance(Workflower.java:4374)
	at sailpoint.api.Workflower.startCase(Workflower.java:2988)
	at sailpoint.api.Workflower.launchInner(Workflower.java:2657)
	at sailpoint.api.Workflower.launch(Workflower.java:2518)
	at sailpoint.api.Workflower.launch(Workflower.java:2361)
	at leaver.models.manual.WorkflowModel.launchExistingWorkflow(WorkflowModel.java:40)
	at leaver.testcases.TVR7_DeleteIdentityAccountsTest.deleteIdentity(TVR7_DeleteIdentityAccountsTest.java:44)
	at sun.reflect.NativeMethodAccessorImpl.invoke0(Native Method)
	at sun.reflect.NativeMethodAccessorImpl.invoke(NativeMethodAccessorImpl.java:57)
	at sun.reflect.DelegatingMethodAccessorImpl.invoke(DelegatingMethodAccessorImpl.java:43)
	at java.lang.reflect.Method.invoke(Method.java:606)
	at org.testng.internal.MethodInvocationHelper.invokeMethod(MethodInvocationHelper.java:80)
	at org.testng.internal.Invoker.invokeMethod(Invoker.java:715)
	at org.testng.internal.Invoker.invokeTestMethod(Invoker.java:907)
	at org.testng.internal.Invoker.invokeTestMethods(Invoker.java:1237)
	at org.testng.internal.TestMethodWorker.invokeTestMethods(TestMethodWorker.java:127)
	at org.testng.internal.TestMethodWorker.run(TestMethodWorker.java:111)
	at org.testng.TestRunner.privateRun(TestRunner.java:767)
	at org.testng.TestRunner.run(TestRunner.java:617)
	at org.testng.SuiteRunner.runTest(SuiteRunner.java:334)
	at org.testng.SuiteRunner.runSequentially(SuiteRunner.java:329)
	at org.testng.SuiteRunner.privateRun(SuiteRunner.java:291)
	at org.testng.SuiteRunner.run(SuiteRunner.java:240)
	at org.testng.SuiteRunnerWorker.runSuite(SuiteRunnerWorker.java:51)
	at org.testng.SuiteRunnerWorker.run(SuiteRunnerWorker.java:85)
	at org.testng.TestNG.runSuitesSequentially(TestNG.java:1197)
	at org.testng.TestNG.runSuitesLocally(TestNG.java:1122)
	at org.testng.TestNG.run(TestNG.java:1030)
	at org.testng.remote.AbstractRemoteTestNG.run(AbstractRemoteTestNG.java:132)
	at org.testng.remote.RemoteTestNG.initAndRun(RemoteTestNG.java:236)
	at org.testng.remote.RemoteTestNG.main(RemoteTestNG.java:81)
Caused by: java.lang.ClassNotFoundException: org.apache.log.format.Formatter
	at java.net.URLClassLoader$1.run(URLClassLoader.java:366)
	at java.net.URLClassLoader$1.run(URLClassLoader.java:355)
	at java.security.AccessController.doPrivileged(Native Method)
	at java.net.URLClassLoader.findClass(URLClassLoader.java:354)
	at java.lang.ClassLoader.loadClass(ClassLoader.java:425)
	at sun.misc.Launcher$AppClassLoader.loadClass(Launcher.java:308)
	at java.lang.ClassLoader.loadClass(ClassLoader.java:358)
	... 66 more
2016-12-01 09:58:20,083 - Trying to use logger class org.apache.velocity.runtime.log.Log4JLogChute
2016-12-01 09:58:20,083 - Using logger class org.apache.velocity.runtime.log.Log4JLogChute
2016-12-01 09:58:20,084 - Default ResourceManager initializing. (class org.apache.velocity.runtime.resource.ResourceManagerImpl)
2016-12-01 09:58:20,088 - ResourceLoader instantiated: org.apache.velocity.runtime.resource.loader.FileResourceLoader
2016-12-01 09:58:20,089 - Do unicode file recognition:  false
2016-12-01 09:58:20,089 - FileResourceLoader : adding path '.'
2016-12-01 09:58:20,089 - ResourceCache: initialized (class org.apache.velocity.runtime.resource.ResourceCacheImpl)
2016-12-01 09:58:20,090 - Loaded System Directive: org.apache.velocity.runtime.directive.Literal
2016-12-01 09:58:20,091 - Loaded System Directive: org.apache.velocity.runtime.directive.Macro
2016-12-01 09:58:20,092 - Loaded System Directive: org.apache.velocity.runtime.directive.Parse
2016-12-01 09:58:20,093 - Loaded System Directive: org.apache.velocity.runtime.directive.Include
2016-12-01 09:58:20,094 - Loaded System Directive: org.apache.velocity.runtime.directive.Foreach
2016-12-01 09:58:20,116 - Created '20' parsers.
2016-12-01 09:58:20,123 - Velocimacro : "velocimacro.library" is not set.  Trying default library: VM_global_library.vm
2016-12-01 09:58:20,123 - Velocimacro : Default library not found.
2016-12-01 09:58:20,123 - Velocimacro : allowInline = true : VMs can be defined inline in templates
2016-12-01 09:58:20,123 - Velocimacro : allowInlineToOverride = false : VMs defined inline may NOT replace previous VM definitions
2016-12-01 09:58:20,123 - Velocimacro : allowInlineLocal = false : VMs defined inline will be global in scope if allowed.
2016-12-01 09:58:20,123 - Velocimacro : autoload off : VM system will not automatically reload global library macros
